<?xml version="1.0" encoding="utf-8"?><testsuites name="pytest tests"><testsuite name="pytest" errors="0" failures="0" skipped="0" tests="44" time="10.334" timestamp="2026-04-26T13:58:20.508270+00:00" hostname="agent-env-c0d413c7-a507-4da5-b1b7-de16089481b2"><testcase classname="backend.tests.test_iteration3_full.TestHealthCheck" name="test_root_returns_200" time="0.293" /><testcase classname="backend.tests.test_iteration3_full.TestAuth" name="test_me_with_valid_token" time="0.061" /><testcase classname="backend.tests.test_iteration3_full.TestAuth" name="test_me_without_token_returns_401" time="0.198" /><testcase classname="backend.tests.test_iteration3_full.TestAuth" name="test_me_with_invalid_token_returns_401" time="0.166" /><testcase classname="backend.tests.test_iteration3_full.TestAuth" name="test_auth_session_requires_session_id" time="0.169" /><testcase classname="backend.tests.test_iteration3_full.TestTasks" name="test_create_task" time="0.050" /><testcase classname="backend.tests.test_iteration3_full.TestTasks" name="test_list_tasks_contains_created" time="0.045" /><testcase classname="backend.tests.test_iteration3_full.TestTasks" name="test_list_tasks_filter_pending" time="0.053" /><testcase classname="backend.tests.test_iteration3_full.TestTasks" name="test_toggle_task_to_done" time="0.054" /><testcase classname="backend.tests.test_iteration3_full.TestTasks" name="test_toggle_task_back" time="0.049" /><testcase classname="backend.tests.test_iteration3_full.TestTasks" name="test_toggle_nonexistent_task_returns_404" time="0.048" /><testcase classname="backend.tests.test_iteration3_full.TestTasks" name="test_delete_task" time="0.129" /><testcase classname="backend.tests.test_iteration3_full.TestHabits" name="test_habits_today_shape" time="0.293" /><testcase classname="backend.tests.test_iteration3_full.TestHabits" name="test_toggle_habit_valid" time="0.117" /><testcase classname="backend.tests.test_iteration3_full.TestHabits" name="test_toggle_habit_invalid_key" time="0.046" /><testcase classname="backend.tests.test_iteration3_full.TestExpenses" name="test_create_expense_inr" time="0.060" /><testcase classname="backend.tests.test_iteration3_full.TestExpenses" name="test_list_expenses" time="0.047" /><testcase classname="backend.tests.test_iteration3_full.TestExpenses" name="test_expenses_today_total" time="0.046" /><testcase classname="backend.tests.test_iteration3_full.TestExpenses" name="test_delete_expense" time="0.046" /><testcase classname="backend.tests.test_iteration3_full.TestHealth" name="test_health_today_shape" time="0.062" /><testcase classname="backend.tests.test_iteration3_full.TestHealth" name="test_water_inc" time="0.158" /><testcase classname="backend.tests.test_iteration3_full.TestHealth" name="test_calorie_add" time="0.134" /><testcase classname="backend.tests.test_iteration3_full.TestHealth" name="test_workout_toggle" time="0.134" /><testcase classname="backend.tests.test_iteration3_full.TestHealth" name="test_invalid_action" time="0.049" /><testcase classname="backend.tests.test_iteration3_full.TestReminders" name="test_create_reminder" time="0.052" /><testcase classname="backend.tests.test_iteration3_full.TestReminders" name="test_list_reminders" time="0.043" /><testcase classname="backend.tests.test_iteration3_full.TestReminders" name="test_delete_reminder" time="0.044" /><testcase classname="backend.tests.test_iteration3_full.TestJournal" name="test_create_journal" time="0.055" /><testcase classname="backend.tests.test_iteration3_full.TestJournal" name="test_list_journal" time="0.048" /><testcase classname="backend.tests.test_iteration3_full.TestJournal" name="test_delete_journal" time="0.045" /><testcase classname="backend.tests.test_iteration3_full.TestDashboard" name="test_dashboard_shape" time="0.049" /><testcase classname="backend.tests.test_iteration3_full.TestCalendarHistory" name="test_history_today_shape" time="0.050" /><testcase classname="backend.tests.test_iteration3_full.TestCalendarHistory" name="test_history_old_date_empty" time="0.050" /><testcase classname="backend.tests.test_iteration3_full.TestCalendarHistory" name="test_history_requires_auth" time="0.105" /><testcase classname="backend.tests.test_iteration3_full.TestClaudeChat" name="test_chat_returns_reply" time="1.588" /><testcase classname="backend.tests.test_iteration3_full.TestClaudeChat" name="test_chat_inr_currency_context" time="1.333" /><testcase classname="backend.tests.test_iteration3_full.TestClaudeChat" name="test_chat_history_endpoint" time="0.045" /><testcase classname="backend.tests.test_iteration3_full.TestTTS" name="test_tts_returns_audio_b64" time="2.025" /><testcase classname="backend.tests.test_iteration3_full.TestTTS" name="test_tts_empty_text_returns_400" time="0.057" /><testcase classname="backend.tests.test_iteration3_full.TestTTS" name="test_tts_different_voices" time="0.796" /><testcase classname="backend.tests.test_iteration3_full.TestTranscribe" name="test_transcribe_no_file_returns_422" time="0.161" /><testcase classname="backend.tests.test_iteration3_full.TestTranscribe" name="test_transcribe_requires_auth" time="0.129" /><testcase classname="backend.tests.test_iteration3_full.TestTranscribe" name="test_transcribe_wav_file_valid_upload" time="0.910" /><testcase classname="backend.tests.test_iteration3_full.TestTranscribe" name="test_transcribe_small_file_returns_empty_text" time="0.110" /></testsuite></testsuites>