<?xml version="1.0" encoding="utf-8"?><testsuites name="pytest tests"><testsuite name="pytest" errors="0" failures="0" skipped="0" tests="21" time="1.517" timestamp="2026-04-26T14:23:00.487400+00:00" hostname="agent-env-c0d413c7-a507-4da5-b1b7-de16089481b2"><testcase classname="backend.tests.test_insights.TestInsightsWeek" name="test_week_returns_200" time="0.155" /><testcase classname="backend.tests.test_insights.TestInsightsWeek" name="test_week_has_period_field" time="0.053" /><testcase classname="backend.tests.test_insights.TestInsightsWeek" name="test_week_has_7_days" time="0.054" /><testcase classname="backend.tests.test_insights.TestInsightsWeek" name="test_week_day_keys" time="0.053" /><testcase classname="backend.tests.test_insights.TestInsightsWeek" name="test_week_day_label_is_weekday" time="0.051" /><testcase classname="backend.tests.test_insights.TestInsightsWeek" name="test_week_summary_structure" time="0.050" /><testcase classname="backend.tests.test_insights.TestInsightsWeek" name="test_week_summary_values_are_numeric" time="0.056" /><testcase classname="backend.tests.test_insights.TestInsightsWeek" name="test_week_habits_pct_range" time="0.053" /><testcase classname="backend.tests.test_insights.TestInsightsWeek" name="test_week_expense_total_non_negative" time="0.054" /><testcase classname="backend.tests.test_insights.TestInsightsWeek" name="test_week_water_non_negative" time="0.053" /><testcase classname="backend.tests.test_insights.TestInsightsWeek" name="test_week_default_period_is_week" time="0.049" /><testcase classname="backend.tests.test_insights.TestInsightsMonth" name="test_month_returns_200" time="0.103" /><testcase classname="backend.tests.test_insights.TestInsightsMonth" name="test_month_has_period_field" time="0.055" /><testcase classname="backend.tests.test_insights.TestInsightsMonth" name="test_month_has_30_days" time="0.052" /><testcase classname="backend.tests.test_insights.TestInsightsMonth" name="test_month_day_label_is_date_number" time="0.049" /><testcase classname="backend.tests.test_insights.TestInsightsMonth" name="test_month_summary_structure" time="0.053" /><testcase classname="backend.tests.test_insights.TestInsightsMonth" name="test_month_summary_avg_expense_formula" time="0.059" /><testcase classname="backend.tests.test_insights.TestInsightsMonth" name="test_month_days_sorted_chronologically" time="0.052" /><testcase classname="backend.tests.test_insights.TestInsightsAuth" name="test_no_auth_returns_401" time="0.138" /><testcase classname="backend.tests.test_insights.TestInsightsAuth" name="test_invalid_token_returns_401" time="0.119" /><testcase classname="backend.tests.test_insights.TestInsightsAuth" name="test_invalid_period_uses_week_fallback" time="0.066" /></testsuite></testsuites>