<?xml version="1.0" encoding="utf-8"?><testsuites name="pytest tests"><testsuite name="pytest" errors="0" failures="0" skipped="0" tests="77" time="18.975" timestamp="2026-04-26T14:02:38.756412+00:00" hostname="agent-env-c0d413c7-a507-4da5-b1b7-de16089481b2"><testcase classname="backend.tests.test_iteration3_full.TestHealthCheck" name="test_root_returns_200" time="0.240" /><testcase classname="backend.tests.test_iteration3_full.TestAuth" name="test_me_with_valid_token" time="0.053" /><testcase classname="backend.tests.test_iteration3_full.TestAuth" name="test_me_without_token_returns_401" time="0.103" /><testcase classname="backend.tests.test_iteration3_full.TestAuth" name="test_me_with_invalid_token_returns_401" time="0.219" /><testcase classname="backend.tests.test_iteration3_full.TestAuth" name="test_auth_session_requires_session_id" time="0.120" /><testcase classname="backend.tests.test_iteration3_full.TestTasks" name="test_create_task" time="0.063" /><testcase classname="backend.tests.test_iteration3_full.TestTasks" name="test_list_tasks_contains_created" time="0.051" /><testcase classname="backend.tests.test_iteration3_full.TestTasks" name="test_list_tasks_filter_pending" time="0.054" /><testcase classname="backend.tests.test_iteration3_full.TestTasks" name="test_toggle_task_to_done" time="0.060" /><testcase classname="backend.tests.test_iteration3_full.TestTasks" name="test_toggle_task_back" time="0.067" /><testcase classname="backend.tests.test_iteration3_full.TestTasks" name="test_toggle_nonexistent_task_returns_404" time="0.051" /><testcase classname="backend.tests.test_iteration3_full.TestTasks" name="test_delete_task" time="0.104" /><testcase classname="backend.tests.test_iteration3_full.TestHabits" name="test_habits_today_shape" time="0.057" /><testcase classname="backend.tests.test_iteration3_full.TestHabits" name="test_toggle_habit_valid" time="0.114" /><testcase classname="backend.tests.test_iteration3_full.TestHabits" name="test_toggle_habit_invalid_key" time="0.049" /><testcase classname="backend.tests.test_iteration3_full.TestExpenses" name="test_create_expense_inr" time="0.055" /><testcase classname="backend.tests.test_iteration3_full.TestExpenses" name="test_list_expenses" time="0.053" /><testcase classname="backend.tests.test_iteration3_full.TestExpenses" name="test_expenses_today_total" time="0.056" /><testcase classname="backend.tests.test_iteration3_full.TestExpenses" name="test_delete_expense" time="0.058" /><testcase classname="backend.tests.test_iteration3_full.TestHealth" name="test_health_today_shape" time="0.055" /><testcase classname="backend.tests.test_iteration3_full.TestHealth" name="test_water_inc" time="0.159" /><testcase classname="backend.tests.test_iteration3_full.TestHealth" name="test_calorie_add" time="0.168" /><testcase classname="backend.tests.test_iteration3_full.TestHealth" name="test_workout_toggle" time="0.169" /><testcase classname="backend.tests.test_iteration3_full.TestHealth" name="test_invalid_action" time="0.051" /><testcase classname="backend.tests.test_iteration3_full.TestReminders" name="test_create_reminder" time="0.068" /><testcase classname="backend.tests.test_iteration3_full.TestReminders" name="test_list_reminders" time="0.051" /><testcase classname="backend.tests.test_iteration3_full.TestReminders" name="test_delete_reminder" time="0.059" /><testcase classname="backend.tests.test_iteration3_full.TestJournal" name="test_create_journal" time="0.055" /><testcase classname="backend.tests.test_iteration3_full.TestJournal" name="test_list_journal" time="0.050" /><testcase classname="backend.tests.test_iteration3_full.TestJournal" name="test_delete_journal" time="0.055" /><testcase classname="backend.tests.test_iteration3_full.TestDashboard" name="test_dashboard_shape" time="0.061" /><testcase classname="backend.tests.test_iteration3_full.TestCalendarHistory" name="test_history_today_shape" time="0.065" /><testcase classname="backend.tests.test_iteration3_full.TestCalendarHistory" name="test_history_old_date_empty" time="0.062" /><testcase classname="backend.tests.test_iteration3_full.TestCalendarHistory" name="test_history_requires_auth" time="0.103" /><testcase classname="backend.tests.test_iteration3_full.TestClaudeChat" name="test_chat_returns_reply" time="1.748" /><testcase classname="backend.tests.test_iteration3_full.TestClaudeChat" name="test_chat_inr_currency_context" time="1.200" /><testcase classname="backend.tests.test_iteration3_full.TestClaudeChat" name="test_chat_history_endpoint" time="0.056" /><testcase classname="backend.tests.test_iteration3_full.TestTTS" name="test_tts_returns_audio_b64" time="1.851" /><testcase classname="backend.tests.test_iteration3_full.TestTTS" name="test_tts_empty_text_returns_400" time="0.051" /><testcase classname="backend.tests.test_iteration3_full.TestTTS" name="test_tts_different_voices" time="2.051" /><testcase classname="backend.tests.test_iteration3_full.TestTranscribe" name="test_transcribe_no_file_returns_422" time="0.125" /><testcase classname="backend.tests.test_iteration3_full.TestTranscribe" name="test_transcribe_requires_auth" time="0.113" /><testcase classname="backend.tests.test_iteration3_full.TestTranscribe" name="test_transcribe_wav_file_valid_upload" time="1.189" /><testcase classname="backend.tests.test_iteration3_full.TestTranscribe" name="test_transcribe_small_file_returns_empty_text" time="0.109" /><testcase classname="backend.tests.test_auth_calendar.TestAuthGating" name="test_get_requires_auth[/auth/me]" time="0.271" /><testcase classname="backend.tests.test_auth_calendar.TestAuthGating" name="test_get_requires_auth[/dashboard]" time="0.175" /><testcase classname="backend.tests.test_auth_calendar.TestAuthGating" name="test_get_requires_auth[/tasks]" time="0.100" /><testcase classname="backend.tests.test_auth_calendar.TestAuthGating" name="test_get_requires_auth[/expenses]" time="0.102" /><testcase classname="backend.tests.test_auth_calendar.TestAuthGating" name="test_get_requires_auth[/expenses/today/total]" time="0.137" /><testcase classname="backend.tests.test_auth_calendar.TestAuthGating" name="test_get_requires_auth[/habits/today]" time="0.105" /><testcase classname="backend.tests.test_auth_calendar.TestAuthGating" name="test_get_requires_auth[/health/today]" time="0.195" /><testcase classname="backend.tests.test_auth_calendar.TestAuthGating" name="test_get_requires_auth[/reminders]" time="0.199" /><testcase classname="backend.tests.test_auth_calendar.TestAuthGating" name="test_get_requires_auth[/journal]" time="0.170" /><testcase classname="backend.tests.test_auth_calendar.TestAuthGating" name="test_get_requires_auth[/mood/today]" time="0.133" /><testcase classname="backend.tests.test_auth_calendar.TestAuthGating" name="test_me_with_valid_token" time="0.103" /><testcase classname="backend.tests.test_auth_calendar.TestAuthGating" name="test_me_with_invalid_token" time="0.100" /><testcase classname="backend.tests.test_auth_calendar.TestAuthGating" name="test_get_works_with_valid_token[/auth/me]" time="0.117" /><testcase classname="backend.tests.test_auth_calendar.TestAuthGating" name="test_get_works_with_valid_token[/dashboard]" time="0.181" /><testcase classname="backend.tests.test_auth_calendar.TestAuthGating" name="test_get_works_with_valid_token[/tasks]" time="0.180" /><testcase classname="backend.tests.test_auth_calendar.TestAuthGating" name="test_get_works_with_valid_token[/expenses]" time="0.176" /><testcase classname="backend.tests.test_auth_calendar.TestAuthGating" name="test_get_works_with_valid_token[/expenses/today/total]" time="0.104" /><testcase classname="backend.tests.test_auth_calendar.TestAuthGating" name="test_get_works_with_valid_token[/habits/today]" time="0.102" /><testcase classname="backend.tests.test_auth_calendar.TestAuthGating" name="test_get_works_with_valid_token[/health/today]" time="0.126" /><testcase classname="backend.tests.test_auth_calendar.TestAuthGating" name="test_get_works_with_valid_token[/reminders]" time="0.112" /><testcase classname="backend.tests.test_auth_calendar.TestAuthGating" name="test_get_works_with_valid_token[/journal]" time="0.132" /><testcase classname="backend.tests.test_auth_calendar.TestAuthGating" name="test_get_works_with_valid_token[/mood/today]" time="0.117" /><testcase classname="backend.tests.test_auth_calendar.TestAuthGating" name="test_post_tasks_requires_auth" time="0.095" /><testcase classname="backend.tests.test_auth_calendar.TestAuthGating" name="test_post_tasks_with_token" time="0.306" /><testcase classname="backend.tests.test_auth_calendar.TestLogout" name="test_logout_invalidates_session" time="0.868" /><testcase classname="backend.tests.test_auth_calendar.TestDataIsolation" name="test_user_a_task_not_visible_to_b" time="1.000" /><testcase classname="backend.tests.test_auth_calendar.TestDataIsolation" name="test_user_a_expense_not_visible_to_b" time="0.415" /><testcase classname="backend.tests.test_auth_calendar.TestDataIsolation" name="test_dashboard_isolated" time="0.695" /><testcase classname="backend.tests.test_auth_calendar.TestCalendarHistory" name="test_history_requires_auth" time="0.329" /><testcase classname="backend.tests.test_auth_calendar.TestCalendarHistory" name="test_history_today_shape" time="0.108" /><testcase classname="backend.tests.test_auth_calendar.TestCalendarHistory" name="test_history_old_date_empty" time="0.104" /><testcase classname="backend.tests.test_auth_calendar.TestCalendarHistory" name="test_active_dates_requires_auth" time="0.115" /><testcase classname="backend.tests.test_auth_calendar.TestCalendarHistory" name="test_active_dates_includes_today" time="0.323" /></testsuite></testsuites>