<?xml version="1.0" encoding="utf-8"?><testsuites name="pytest tests"><testsuite name="pytest" errors="0" failures="0" skipped="0" tests="33" time="7.171" timestamp="2026-04-26T12:59:35.581300+00:00" hostname="agent-env-17e2b0a2-7e94-4f8b-9c95-712f00db04a0"><testcase classname="tests.test_auth_calendar.TestAuthGating" name="test_get_requires_auth[/auth/me]" time="0.228" /><testcase classname="tests.test_auth_calendar.TestAuthGating" name="test_get_requires_auth[/dashboard]" time="0.107" /><testcase classname="tests.test_auth_calendar.TestAuthGating" name="test_get_requires_auth[/tasks]" time="0.171" /><testcase classname="tests.test_auth_calendar.TestAuthGating" name="test_get_requires_auth[/expenses]" time="0.098" /><testcase classname="tests.test_auth_calendar.TestAuthGating" name="test_get_requires_auth[/expenses/today/total]" time="0.163" /><testcase classname="tests.test_auth_calendar.TestAuthGating" name="test_get_requires_auth[/habits/today]" time="0.141" /><testcase classname="tests.test_auth_calendar.TestAuthGating" name="test_get_requires_auth[/health/today]" time="0.145" /><testcase classname="tests.test_auth_calendar.TestAuthGating" name="test_get_requires_auth[/reminders]" time="0.143" /><testcase classname="tests.test_auth_calendar.TestAuthGating" name="test_get_requires_auth[/journal]" time="0.147" /><testcase classname="tests.test_auth_calendar.TestAuthGating" name="test_get_requires_auth[/mood/today]" time="0.113" /><testcase classname="tests.test_auth_calendar.TestAuthGating" name="test_me_with_valid_token" time="0.144" /><testcase classname="tests.test_auth_calendar.TestAuthGating" name="test_me_with_invalid_token" time="0.109" /><testcase classname="tests.test_auth_calendar.TestAuthGating" name="test_get_works_with_valid_token[/auth/me]" time="0.113" /><testcase classname="tests.test_auth_calendar.TestAuthGating" name="test_get_works_with_valid_token[/dashboard]" time="0.121" /><testcase classname="tests.test_auth_calendar.TestAuthGating" name="test_get_works_with_valid_token[/tasks]" time="0.161" /><testcase classname="tests.test_auth_calendar.TestAuthGating" name="test_get_works_with_valid_token[/expenses]" time="0.117" /><testcase classname="tests.test_auth_calendar.TestAuthGating" name="test_get_works_with_valid_token[/expenses/today/total]" time="0.112" /><testcase classname="tests.test_auth_calendar.TestAuthGating" name="test_get_works_with_valid_token[/habits/today]" time="0.108" /><testcase classname="tests.test_auth_calendar.TestAuthGating" name="test_get_works_with_valid_token[/health/today]" time="0.108" /><testcase classname="tests.test_auth_calendar.TestAuthGating" name="test_get_works_with_valid_token[/reminders]" time="0.116" /><testcase classname="tests.test_auth_calendar.TestAuthGating" name="test_get_works_with_valid_token[/journal]" time="0.106" /><testcase classname="tests.test_auth_calendar.TestAuthGating" name="test_get_works_with_valid_token[/mood/today]" time="0.107" /><testcase classname="tests.test_auth_calendar.TestAuthGating" name="test_post_tasks_requires_auth" time="0.102" /><testcase classname="tests.test_auth_calendar.TestAuthGating" name="test_post_tasks_with_token" time="0.203" /><testcase classname="tests.test_auth_calendar.TestLogout" name="test_logout_invalidates_session" time="0.673" /><testcase classname="tests.test_auth_calendar.TestDataIsolation" name="test_user_a_task_not_visible_to_b" time="1.074" /><testcase classname="tests.test_auth_calendar.TestDataIsolation" name="test_user_a_expense_not_visible_to_b" time="0.444" /><testcase classname="tests.test_auth_calendar.TestDataIsolation" name="test_dashboard_isolated" time="0.682" /><testcase classname="tests.test_auth_calendar.TestCalendarHistory" name="test_history_requires_auth" time="0.338" /><testcase classname="tests.test_auth_calendar.TestCalendarHistory" name="test_history_today_shape" time="0.112" /><testcase classname="tests.test_auth_calendar.TestCalendarHistory" name="test_history_old_date_empty" time="0.121" /><testcase classname="tests.test_auth_calendar.TestCalendarHistory" name="test_active_dates_requires_auth" time="0.110" /><testcase classname="tests.test_auth_calendar.TestCalendarHistory" name="test_active_dates_includes_today" time="0.333" /></testsuite></testsuites>