<?xml version="1.0" encoding="utf-8"?><testsuites name="pytest tests"><testsuite name="pytest" errors="0" failures="0" skipped="0" tests="19" time="1.685" timestamp="2026-04-26T15:03:59.229183+00:00" hostname="agent-env-c0d413c7-a507-4da5-b1b7-de16089481b2"><testcase classname="backend.tests.test_morning_brief.TestMorningBriefAuth" name="test_no_auth_returns_401" time="0.257" /><testcase classname="backend.tests.test_morning_brief.TestMorningBriefAuth" name="test_invalid_token_returns_401" time="0.144" /><testcase classname="backend.tests.test_morning_brief.TestMorningBriefResponse" name="test_returns_200" time="0.134" /><testcase classname="backend.tests.test_morning_brief.TestMorningBriefResponse" name="test_response_is_json" time="0.058" /><testcase classname="backend.tests.test_morning_brief.TestMorningBriefResponse" name="test_has_brief_field" time="0.078" /><testcase classname="backend.tests.test_morning_brief.TestMorningBriefResponse" name="test_brief_is_non_empty_string" time="0.058" /><testcase classname="backend.tests.test_morning_brief.TestMorningBriefResponse" name="test_has_tasks_pending_field" time="0.074" /><testcase classname="backend.tests.test_morning_brief.TestMorningBriefResponse" name="test_has_streak_field" time="0.054" /><testcase classname="backend.tests.test_morning_brief.TestMorningBriefResponse" name="test_has_spend_yesterday_field" time="0.059" /><testcase classname="backend.tests.test_morning_brief.TestMorningBriefResponse" name="test_has_habits_done_yesterday_field" time="0.054" /><testcase classname="backend.tests.test_morning_brief.TestMorningBriefResponse" name="test_has_habits_total_field" time="0.057" /><testcase classname="backend.tests.test_morning_brief.TestMorningBriefResponse" name="test_has_date_field" time="0.055" /><testcase classname="backend.tests.test_morning_brief.TestMorningBriefResponse" name="test_all_required_fields_present" time="0.053" /><testcase classname="backend.tests.test_morning_brief.TestMorningBriefCaching" name="test_second_call_returns_same_brief" time="0.109" /><testcase classname="backend.tests.test_morning_brief.TestMorningBriefCaching" name="test_cached_date_matches_today" time="0.055" /><testcase classname="backend.tests.test_morning_brief.TestMorningBriefCaching" name="test_second_call_is_faster" time="0.120" /><testcase classname="backend.tests.test_morning_brief.TestMorningBriefClaudeContent" name="test_brief_has_sentence_structure" time="0.057" /><testcase classname="backend.tests.test_morning_brief.TestMorningBriefClaudeContent" name="test_brief_not_error_message" time="0.060" /><testcase classname="backend.tests.test_morning_brief.TestMorningBriefClaudeContent" name="test_brief_min_length" time="0.059" /></testsuite></testsuites>