<?xml version="1.0" encoding="utf-8"?><testsuites name="pytest tests"><testsuite name="pytest" errors="0" failures="0" skipped="0" tests="30" time="3.544" timestamp="2026-04-26T10:54:57.470363+00:00" hostname="agent-env-17e2b0a2-7e94-4f8b-9c95-712f00db04a0"><testcase classname="backend.tests.backend_test.TestRoot" name="test_root" time="0.134" /><testcase classname="backend.tests.backend_test.TestTasks" name="test_create_task" time="0.059" /><testcase classname="backend.tests.backend_test.TestTasks" name="test_list_tasks" time="0.053" /><testcase classname="backend.tests.backend_test.TestTasks" name="test_filter_pending" time="0.050" /><testcase classname="backend.tests.backend_test.TestTasks" name="test_toggle" time="0.093" /><testcase classname="backend.tests.backend_test.TestTasks" name="test_toggle_404" time="0.053" /><testcase classname="backend.tests.backend_test.TestTasks" name="test_delete" time="0.090" /><testcase classname="backend.tests.backend_test.TestHabits" name="test_get_today" time="0.047" /><testcase classname="backend.tests.backend_test.TestHabits" name="test_toggle_unknown" time="0.047" /><testcase classname="backend.tests.backend_test.TestHabits" name="test_toggle_valid" time="0.097" /><testcase classname="backend.tests.backend_test.TestExpenses" name="test_create" time="0.051" /><testcase classname="backend.tests.backend_test.TestExpenses" name="test_list" time="0.045" /><testcase classname="backend.tests.backend_test.TestExpenses" name="test_today_total" time="0.048" /><testcase classname="backend.tests.backend_test.TestExpenses" name="test_delete" time="0.045" /><testcase classname="backend.tests.backend_test.TestHealth" name="test_get_today" time="0.046" /><testcase classname="backend.tests.backend_test.TestHealth" name="test_water_inc_dec" time="0.176" /><testcase classname="backend.tests.backend_test.TestHealth" name="test_calorie_add_sub" time="0.172" /><testcase classname="backend.tests.backend_test.TestHealth" name="test_workout_toggle" time="0.185" /><testcase classname="backend.tests.backend_test.TestReminders" name="test_create" time="0.046" /><testcase classname="backend.tests.backend_test.TestReminders" name="test_list" time="0.044" /><testcase classname="backend.tests.backend_test.TestReminders" name="test_mark_done" time="0.046" /><testcase classname="backend.tests.backend_test.TestReminders" name="test_delete" time="0.043" /><testcase classname="backend.tests.backend_test.TestJournal" name="test_create" time="0.053" /><testcase classname="backend.tests.backend_test.TestJournal" name="test_list" time="0.044" /><testcase classname="backend.tests.backend_test.TestJournal" name="test_delete" time="0.054" /><testcase classname="backend.tests.backend_test.TestMood" name="test_set_and_get" time="0.089" /><testcase classname="backend.tests.backend_test.TestMood" name="test_invalid_mood" time="0.047" /><testcase classname="backend.tests.backend_test.TestDashboard" name="test_dashboard" time="0.048" /><testcase classname="backend.tests.backend_test.TestChat" name="test_chat_inr_currency" time="1.299" /><testcase classname="backend.tests.backend_test.TestTranscribe" name="test_no_file_returns_4xx" time="0.138" /></testsuite></testsuites>